Arguments: 
  /usr/local/bin/node /usr/local/bin/yarn devv

PATH: 
  /Users/jhnwes/.toolbox/bin:/apollo/env/SDETools/bin:/usr/local/bin:/usr/bin:/bin:/usr/sbin:/sbin:/Users/jhnwes/.toolbox/bin:/apollo/env/SDETools/bin:/Users/jhnwes/bin:/Users/jhnwes/platform-tools:/Users/jhnwes/Library/Android/sdk/tools:/Users/jhnwes/bin:/Users/jhnwes/platform-tools:/Users/jhnwes/Library/Android/sdk/tools

Yarn version: 
  1.5.1

Node version: 
  11.0.0

Platform: 
  darwin x64

npm manifest: 
  {
    "name": "budget-app",
    "version": "0.1.0",
    "private": true,
    "scripts": {
      "client": "cd client && yarn dev",
      "server": "cd server && yarn dev",
      "dev": "concurrently --kill-others-on-fail \"yarn server\" \"yarn client\""
    },
    "devDependencies": {
      "concurrently": "^4.1.0"
    }
  }

yarn manifest: 
  No manifest

Lockfile: 
  No lockfile

Trace: 
  Error: Command "devv" not found. Did you mean "dev"?
      at new MessageError (/usr/local/lib/node_modules/yarn/lib/cli.js:186:110)
      at /usr/local/lib/node_modules/yarn/lib/cli.js:87307:17
      at Generator.next (<anonymous>)
      at step (/usr/local/lib/node_modules/yarn/lib/cli.js:98:30)
      at /usr/local/lib/node_modules/yarn/lib/cli.js:116:14
      at new Promise (<anonymous>)
      at new F (/usr/local/lib/node_modules/yarn/lib/cli.js:23451:28)
      at /usr/local/lib/node_modules/yarn/lib/cli.js:95:12
      at runCommand (/usr/local/lib/node_modules/yarn/lib/cli.js:87312:22)
      at Object.<anonymous> (/usr/local/lib/node_modules/yarn/lib/cli.js:87412:14)
